[0.707s] Invoking command in '/home/keitaro/ros2_ws/src/mypkg': CONDA_PROMPT_MODIFIER=(base) PYTHONPATH=/home/keitaro/ros2_ws/src/mypkg/build/mypkg/prefix_override:/usr/lib/python3/dist-packages/colcon_core/task/python/colcon_distutils_commands:/home/keitaro/ros2_ws/src/mypkg/install/mypkg/lib/python3.10/site-packages:${PYTHONPATH} /usr/bin/python3 -W ignore:setup.py install is deprecated -W ignore:easy_install command is deprecated setup.py egg_info --egg-base build/mypkg build --build-base /home/keitaro/ros2_ws/src/mypkg/build/mypkg/build install --record /home/keitaro/ros2_ws/src/mypkg/build/mypkg/install.log --single-version-externally-managed install_data
[0.899s] running egg_info
[0.899s] creating build/mypkg/mypkg.egg-info
[0.900s] writing build/mypkg/mypkg.egg-info/PKG-INFO
[0.900s] writing dependency_links to build/mypkg/mypkg.egg-info/dependency_links.txt
[0.900s] writing entry points to build/mypkg/mypkg.egg-info/entry_points.txt
[0.900s] writing requirements to build/mypkg/mypkg.egg-info/requires.txt
[0.900s] writing top-level names to build/mypkg/mypkg.egg-info/top_level.txt
[0.901s] writing manifest file 'build/mypkg/mypkg.egg-info/SOURCES.txt'
[0.903s] reading manifest file 'build/mypkg/mypkg.egg-info/SOURCES.txt'
[0.904s] writing manifest file 'build/mypkg/mypkg.egg-info/SOURCES.txt'
[0.904s] running build
[0.904s] running build_py
[0.904s] creating /home/keitaro/ros2_ws/src/mypkg/build/mypkg/build
[0.905s] creating /home/keitaro/ros2_ws/src/mypkg/build/mypkg/build/lib
[0.905s] creating /home/keitaro/ros2_ws/src/mypkg/build/mypkg/build/lib/mypkg
[0.905s] copying mypkg/talker.py -> /home/keitaro/ros2_ws/src/mypkg/build/mypkg/build/lib/mypkg
[0.905s] copying mypkg/listener.py -> /home/keitaro/ros2_ws/src/mypkg/build/mypkg/build/lib/mypkg
[0.905s] copying mypkg/__init__.py -> /home/keitaro/ros2_ws/src/mypkg/build/mypkg/build/lib/mypkg
[0.906s] running install
[0.906s] running install_lib
[0.907s] creating /home/keitaro/ros2_ws/src/mypkg/install/mypkg/lib/python3.10/site-packages/mypkg
[0.907s] copying /home/keitaro/ros2_ws/src/mypkg/build/mypkg/build/lib/mypkg/talker.py -> /home/keitaro/ros2_ws/src/mypkg/install/mypkg/lib/python3.10/site-packages/mypkg
[0.908s] copying /home/keitaro/ros2_ws/src/mypkg/build/mypkg/build/lib/mypkg/listener.py -> /home/keitaro/ros2_ws/src/mypkg/install/mypkg/lib/python3.10/site-packages/mypkg
[0.908s] copying /home/keitaro/ros2_ws/src/mypkg/build/mypkg/build/lib/mypkg/__init__.py -> /home/keitaro/ros2_ws/src/mypkg/install/mypkg/lib/python3.10/site-packages/mypkg
[0.909s] byte-compiling /home/keitaro/ros2_ws/src/mypkg/install/mypkg/lib/python3.10/site-packages/mypkg/talker.py to talker.cpython-310.pyc
[0.910s] byte-compiling /home/keitaro/ros2_ws/src/mypkg/install/mypkg/lib/python3.10/site-packages/mypkg/listener.py to listener.cpython-310.pyc
[0.910s] byte-compiling /home/keitaro/ros2_ws/src/mypkg/install/mypkg/lib/python3.10/site-packages/mypkg/__init__.py to __init__.cpython-310.pyc
[0.911s] running install_data
[0.911s] creating /home/keitaro/ros2_ws/src/mypkg/install/mypkg/share/ament_index
[0.911s] creating /home/keitaro/ros2_ws/src/mypkg/install/mypkg/share/ament_index/resource_index
[0.911s] creating /home/keitaro/ros2_ws/src/mypkg/install/mypkg/share/ament_index/resource_index/packages
[0.911s] copying resource/mypkg -> /home/keitaro/ros2_ws/src/mypkg/install/mypkg/share/ament_index/resource_index/packages
[0.912s] copying package.xml -> /home/keitaro/ros2_ws/src/mypkg/install/mypkg/share/mypkg
[0.912s] copying launch/talk_listen.launch.py -> /home/keitaro/ros2_ws/src/mypkg/install/mypkg/share/mypkg
[0.913s] running install_egg_info
[0.914s] Copying build/mypkg/mypkg.egg-info to /home/keitaro/ros2_ws/src/mypkg/install/mypkg/lib/python3.10/site-packages/mypkg-0.0.0-py3.10.egg-info
[0.916s] running install_scripts
[0.933s] Installing listener script to /home/keitaro/ros2_ws/src/mypkg/install/mypkg/lib/mypkg
[0.933s] Installing talker script to /home/keitaro/ros2_ws/src/mypkg/install/mypkg/lib/mypkg
[0.933s] writing list of installed files to '/home/keitaro/ros2_ws/src/mypkg/build/mypkg/install.log'
[0.955s] Invoked command in '/home/keitaro/ros2_ws/src/mypkg' returned '0': CONDA_PROMPT_MODIFIER=(base) PYTHONPATH=/home/keitaro/ros2_ws/src/mypkg/build/mypkg/prefix_override:/usr/lib/python3/dist-packages/colcon_core/task/python/colcon_distutils_commands:/home/keitaro/ros2_ws/src/mypkg/install/mypkg/lib/python3.10/site-packages:${PYTHONPATH} /usr/bin/python3 -W ignore:setup.py install is deprecated -W ignore:easy_install command is deprecated setup.py egg_info --egg-base build/mypkg build --build-base /home/keitaro/ros2_ws/src/mypkg/build/mypkg/build install --record /home/keitaro/ros2_ws/src/mypkg/build/mypkg/install.log --single-version-externally-managed install_data
